<?xml version="1.0" encoding="UTF-8"?>
<testsuite xmlns:xsi="http://www.w3.org/2001/XMLSchema-instance" xsi:noNamespaceSchemaLocation="https://maven.apache.org/surefire/maven-surefire-plugin/xsd/surefire-test-report-3.0.xsd" version="3.0" name="be.atheneumboom.bibliotheek.BibliotheekApplicationTests" time="6.578" tests="1" errors="0" skipped="0" failures="0">
  <properties>
[...]
</properties>
  <testcase name="contextLoads" classname="be.atheneumboom.bibliotheek.BibliotheekApplicationTests" time="0.397">
    <system-out><![CDATA[11:32:53.728 [main] INFO org.springframework.test.context.support.AnnotationConfigContextLoaderUtils -- Could not detect default configuration classes for test class [be.atheneumboom.bibliotheek.BibliotheekApplicationTests]: BibliotheekApplicationTests does not declare any static, non-private, non-final, nested classes annotated with @Configuration.
11:32:53.809 [main] INFO org.springframework.boot.test.context.SpringBootTestContextBootstrapper -- Found @SpringBootConfiguration be.atheneumboom.bibliotheek.BibliotheekApplication for test class be.atheneumboom.bibliotheek.BibliotheekApplicationTests
11:32:53.963 [main] INFO org.springframework.boot.devtools.restart.RestartApplicationListener -- Restart disabled due to context in which it is running

  .   ____          _            __ _ _
 /\\ / ___'_ __ _ _(_)_ __  __ _ \ \ \ \
( ( )\___ | '_ | '_| | '_ \/ _` | \ \ \ \
 \\/  ___)| |_)| | | | | || (_| |  ) ) ) )
  '  |____| .__|_| |_|_| |_\__, | / / / /
 =========|_|==============|___/=/_/_/_/
 :: Spring Boot ::                (v3.2.5)

2024-10-25T11:32:54.171+02:00  INFO 18424 --- [           main] b.a.b.BibliotheekApplicationTests        : Starting BibliotheekApplicationTests using Java 17.0.6 with PID 18424 (started by krisf in C:\Users\krisf\Documents\atheneumBoom_Projects\Bibliotheek - REST)
2024-10-25T11:32:54.172+02:00  INFO 18424 --- [           main] b.a.b.BibliotheekApplicationTests        : No active profile set, falling back to 1 default profile: "default"
2024-10-25T11:32:54.875+02:00  INFO 18424 --- [           main] .s.d.r.c.RepositoryConfigurationDelegate : Bootstrapping Spring Data JPA repositories in DEFAULT mode.
2024-10-25T11:32:54.965+02:00  INFO 18424 --- [           main] .s.d.r.c.RepositoryConfigurationDelegate : Finished Spring Data repository scanning in 82 ms. Found 5 JPA repository interfaces.
2024-10-25T11:32:55.450+02:00  INFO 18424 --- [           main] o.hibernate.jpa.internal.util.LogHelper  : HHH000204: Processing PersistenceUnitInfo [name: default]
2024-10-25T11:32:55.510+02:00  INFO 18424 --- [           main] org.hibernate.Version                    : HHH000412: Hibernate ORM core version 6.4.4.Final
2024-10-25T11:32:55.539+02:00  INFO 18424 --- [           main] o.h.c.internal.RegionFactoryInitiator    : HHH000026: Second-level cache disabled
2024-10-25T11:32:55.827+02:00  INFO 18424 --- [           main] o.s.o.j.p.SpringPersistenceUnitInfo      : No LoadTimeWeaver setup: ignoring JPA class transformer
2024-10-25T11:32:55.846+02:00  INFO 18424 --- [           main] com.zaxxer.hikari.HikariDataSource       : HikariPool-1 - Starting...
2024-10-25T11:32:56.347+02:00  INFO 18424 --- [           main] com.zaxxer.hikari.pool.HikariPool        : HikariPool-1 - Added connection com.mysql.cj.jdbc.ConnectionImpl@693f2c89
2024-10-25T11:32:56.351+02:00  INFO 18424 --- [           main] com.zaxxer.hikari.HikariDataSource       : HikariPool-1 - Start completed.
2024-10-25T11:32:56.437+02:00  WARN 18424 --- [           main] org.hibernate.orm.deprecation            : HHH90000025: MySQLDialect does not need to be specified explicitly using 'hibernate.dialect' (remove the property setting and it will be selected by default)
2024-10-25T11:32:57.260+02:00  INFO 18424 --- [           main] o.h.e.t.j.p.i.JtaPlatformInitiator       : HHH000489: No JTA platform available (set 'hibernate.transaction.jta.platform' to enable JTA platform integration)
2024-10-25T11:32:57.919+02:00  INFO 18424 --- [           main] j.LocalContainerEntityManagerFactoryBean : Initialized JPA EntityManagerFactory for persistence unit 'default'
2024-10-25T11:32:58.553+02:00  INFO 18424 --- [           main] o.s.d.j.r.query.QueryEnhancerFactory     : Hibernate is in classpath; If applicable, HQL parser will be used.
2024-10-25T11:32:58.928+02:00  WARN 18424 --- [           main] JpaBaseConfiguration$JpaWebConfiguration : spring.jpa.open-in-view is enabled by default. Therefore, database queries may be performed during view rendering. Explicitly configure spring.jpa.open-in-view to disable this warning
2024-10-25T11:32:58.975+02:00  WARN 18424 --- [           main] .s.s.UserDetailsServiceAutoConfiguration : 

Using generated security password: 2f09eb0b-7f64-4eb0-83db-4e7d58409614

This generated password is for development use only. Your security configuration must be updated before running your application in production.

2024-10-25T11:32:59.446+02:00  INFO 18424 --- [           main] o.s.s.web.DefaultSecurityFilterChain     : Will secure any request with [org.springframework.security.web.session.DisableEncodeUrlFilter@67c1fc9b, org.springframework.security.web.context.request.async.WebAsyncManagerIntegrationFilter@50f65fe0, org.springframework.security.web.context.SecurityContextHolderFilter@5cdafb4d, org.springframework.security.web.header.HeaderWriterFilter@2314f013, org.springframework.web.filter.CorsFilter@18a538a0, org.springframework.security.web.authentication.logout.LogoutFilter@d79a69b, org.springframework.security.web.authentication.UsernamePasswordAuthenticationFilter@534c3b9d, org.springframework.security.web.authentication.ui.DefaultLoginPageGeneratingFilter@f69e35a, org.springframework.security.web.authentication.ui.DefaultLogoutPageGeneratingFilter@70736b19, org.springframework.security.web.authentication.www.BasicAuthenticationFilter@2cbd855e, org.springframework.security.web.savedrequest.RequestCacheAwareFilter@5ae6119b, org.springframework.security.web.servletapi.SecurityContextHolderAwareRequestFilter@31b6eec8, org.springframework.security.web.authentication.AnonymousAuthenticationFilter@183e64a8, org.springframework.security.web.access.ExceptionTranslationFilter@7a285418, org.springframework.security.web.access.intercept.AuthorizationFilter@56897de0]
2024-10-25T11:32:59.761+02:00  INFO 18424 --- [           main] b.a.b.BibliotheekApplicationTests        : Started BibliotheekApplicationTests in 5.794 seconds (process running for 6.626)
]]></system-out>
  </testcase>
</testsuite>