<?xml version="1.0" encoding="UTF-8"?>
<testsuite xmlns:xsi="http://www.w3.org/2001/XMLSchema-instance" xsi:noNamespaceSchemaLocation="https://maven.apache.org/surefire/maven-surefire-plugin/xsd/surefire-test-report-3.0.xsd" version="3.0" name="be.atheneumboom.bibliotheek.BibliotheekApplicationTests" time="11.4" tests="1" errors="0" skipped="0" failures="0">
  <properties>
[...]
</properties>
  <testcase name="contextLoads" classname="be.atheneumboom.bibliotheek.BibliotheekApplicationTests" time="0.366">
    <system-out><![CDATA[10:49:51.993 [main] INFO org.springframework.test.context.support.AnnotationConfigContextLoaderUtils -- Could not detect default configuration classes for test class [be.atheneumboom.bibliotheek.BibliotheekApplicationTests]: BibliotheekApplicationTests does not declare any static, non-private, non-final, nested classes annotated with @Configuration.
10:49:52.072 [main] INFO org.springframework.boot.test.context.SpringBootTestContextBootstrapper -- Found @SpringBootConfiguration be.atheneumboom.bibliotheek.BibliotheekApplication for test class be.atheneumboom.bibliotheek.BibliotheekApplicationTests
10:49:52.217 [main] INFO org.springframework.boot.devtools.restart.RestartApplicationListener -- Restart disabled due to context in which it is running

  .   ____          _            __ _ _
 /\\ / ___'_ __ _ _(_)_ __  __ _ \ \ \ \
( ( )\___ | '_ | '_| | '_ \/ _` | \ \ \ \
 \\/  ___)| |_)| | | | | || (_| |  ) ) ) )
  '  |____| .__|_| |_|_| |_\__, | / / / /
 =========|_|==============|___/=/_/_/_/
 :: Spring Boot ::                (v3.2.5)

2024-10-29T10:49:52.409+01:00  INFO 23816 --- [           main] b.a.b.BibliotheekApplicationTests        : Starting BibliotheekApplicationTests using Java 17.0.6 with PID 23816 (started by krisf in C:\Users\krisf\Documents\atheneumBoom_Projects\Bibliotheek - REST - GITHUB)
2024-10-29T10:49:52.409+01:00  INFO 23816 --- [           main] b.a.b.BibliotheekApplicationTests        : No active profile set, falling back to 1 default profile: "default"
2024-10-29T10:49:53.018+01:00  INFO 23816 --- [           main] .s.d.r.c.RepositoryConfigurationDelegate : Bootstrapping Spring Data JPA repositories in DEFAULT mode.
2024-10-29T10:49:53.107+01:00  INFO 23816 --- [           main] .s.d.r.c.RepositoryConfigurationDelegate : Finished Spring Data repository scanning in 79 ms. Found 5 JPA repository interfaces.
2024-10-29T10:49:53.660+01:00  INFO 23816 --- [           main] o.hibernate.jpa.internal.util.LogHelper  : HHH000204: Processing PersistenceUnitInfo [name: default]
2024-10-29T10:49:53.777+01:00  INFO 23816 --- [           main] org.hibernate.Version                    : HHH000412: Hibernate ORM core version 6.4.4.Final
2024-10-29T10:49:53.825+01:00  INFO 23816 --- [           main] o.h.c.internal.RegionFactoryInitiator    : HHH000026: Second-level cache disabled
2024-10-29T10:49:54.108+01:00  INFO 23816 --- [           main] o.s.o.j.p.SpringPersistenceUnitInfo      : No LoadTimeWeaver setup: ignoring JPA class transformer
2024-10-29T10:49:54.132+01:00  INFO 23816 --- [           main] com.zaxxer.hikari.HikariDataSource       : HikariPool-1 - Starting...
2024-10-29T10:49:56.144+01:00  INFO 23816 --- [           main] com.zaxxer.hikari.pool.HikariPool        : HikariPool-1 - Added connection com.mysql.cj.jdbc.ConnectionImpl@e06ec83
2024-10-29T10:49:56.146+01:00  INFO 23816 --- [           main] com.zaxxer.hikari.HikariDataSource       : HikariPool-1 - Start completed.
2024-10-29T10:49:56.540+01:00  WARN 23816 --- [           main] org.hibernate.orm.deprecation            : HHH90000025: MySQLDialect does not need to be specified explicitly using 'hibernate.dialect' (remove the property setting and it will be selected by default)
2024-10-29T10:49:57.363+01:00  INFO 23816 --- [           main] o.h.e.t.j.p.i.JtaPlatformInitiator       : HHH000489: No JTA platform available (set 'hibernate.transaction.jta.platform' to enable JTA platform integration)
2024-10-29T10:50:01.033+01:00  INFO 23816 --- [           main] j.LocalContainerEntityManagerFactoryBean : Initialized JPA EntityManagerFactory for persistence unit 'default'
2024-10-29T10:50:01.679+01:00  INFO 23816 --- [           main] o.s.d.j.r.query.QueryEnhancerFactory     : Hibernate is in classpath; If applicable, HQL parser will be used.
2024-10-29T10:50:02.044+01:00  WARN 23816 --- [           main] JpaBaseConfiguration$JpaWebConfiguration : spring.jpa.open-in-view is enabled by default. Therefore, database queries may be performed during view rendering. Explicitly configure spring.jpa.open-in-view to disable this warning
2024-10-29T10:50:02.086+01:00  WARN 23816 --- [           main] .s.s.UserDetailsServiceAutoConfiguration : 

Using generated security password: 906daed9-bf6c-427c-8356-e50e131ea63d

This generated password is for development use only. Your security configuration must be updated before running your application in production.

2024-10-29T10:50:02.539+01:00  INFO 23816 --- [           main] o.s.s.web.DefaultSecurityFilterChain     : Will secure any request with [org.springframework.security.web.session.DisableEncodeUrlFilter@2f08e6d3, org.springframework.security.web.context.request.async.WebAsyncManagerIntegrationFilter@67c1fc9b, org.springframework.security.web.context.SecurityContextHolderFilter@72ae1007, org.springframework.security.web.header.HeaderWriterFilter@3070f59f, org.springframework.web.filter.CorsFilter@50f65fe0, org.springframework.security.web.authentication.logout.LogoutFilter@ee7a538, org.springframework.security.web.authentication.UsernamePasswordAuthenticationFilter@2cbd855e, org.springframework.security.web.authentication.ui.DefaultLoginPageGeneratingFilter@589a82af, org.springframework.security.web.authentication.ui.DefaultLogoutPageGeneratingFilter@18a538a0, org.springframework.security.web.authentication.www.BasicAuthenticationFilter@1134a934, org.springframework.security.web.savedrequest.RequestCacheAwareFilter@5cdafb4d, org.springframework.security.web.servletapi.SecurityContextHolderAwareRequestFilter@58ca1cad, org.springframework.security.web.authentication.AnonymousAuthenticationFilter@70736b19, org.springframework.security.web.access.ExceptionTranslationFilter@4c682826, org.springframework.security.web.access.intercept.AuthorizationFilter@5c8859b4]
2024-10-29T10:50:02.888+01:00  INFO 23816 --- [           main] b.a.b.BibliotheekApplicationTests        : Started BibliotheekApplicationTests in 10.681 seconds (process running for 11.458)
]]></system-out>
  </testcase>
</testsuite>